
# Reading C:/intelFPGA_lite/19.1/modelsim_ase/tcl/vsim/pref.tcl
# do counter_run_msim_rtl_verilog.do
# if {[file exists rtl_work]} {
# 	vdel -lib rtl_work -all
# }
# vlib rtl_work
# vmap work rtl_work
# Model Technology ModelSim - Intel FPGA Edition vmap 10.5b Lib Mapping Utility 2016.10 Oct  5 2016
# vmap work rtl_work 
# Copying C:/intelFPGA_lite/19.1/modelsim_ase/win32aloem/../modelsim.ini to modelsim.ini
# Modifying modelsim.ini
# 
# vlog -sv -work work +incdir+C:/intelFPGA_lite/19.1/db {C:/intelFPGA_lite/19.1/db/counter.sv}
# Model Technology ModelSim - Intel FPGA Edition vlog 10.5b Compiler 2016.10 Oct  5 2016
# Start time: 16:24:21 on May 10,2026
# vlog -reportprogress 300 -sv -work work "+incdir+C:/intelFPGA_lite/19.1/db" C:/intelFPGA_lite/19.1/db/counter.sv 
# -- Compiling module counter
# 
# Top level modules:
# 	counter
# End time: 16:24:21 on May 10,2026, Elapsed time: 0:00:00
# Errors: 0, Warnings: 0
# 
# vlog -sv -work work +incdir+C:/intelFPGA_lite/19.1/db {C:/intelFPGA_lite/19.1/db/tb_counter.sv}
# Model Technology ModelSim - Intel FPGA Edition vlog 10.5b Compiler 2016.10 Oct  5 2016
# Start time: 16:24:21 on May 10,2026
# vlog -reportprogress 300 -sv -work work "+incdir+C:/intelFPGA_lite/19.1/db" C:/intelFPGA_lite/19.1/db/tb_counter.sv 
# -- Compiling module tb_counter
# 
# Top level modules:
# 	tb_counter
# End time: 16:24:21 on May 10,2026, Elapsed time: 0:00:00
# Errors: 0, Warnings: 0
# 
# vsim -t 1ps -L altera_ver -L lpm_ver -L sgate_ver -L altera_mf_ver -L altera_lnsim_ver -L cycloneive_ver -L rtl_work -L work -voptargs="+acc"  tb_counter
# vsim -t 1ps -L altera_ver -L lpm_ver -L sgate_ver -L altera_mf_ver -L altera_lnsim_ver -L cycloneive_ver -L rtl_work -L work -voptargs=""+acc"" tb_counter 
# Start time: 16:24:21 on May 10,2026
# Loading sv_std.std
# Loading work.tb_counter
# Loading work.counter
# 
# add wave *
# view structure
# .main_pane.structure.interior.cs.body.struct
# view signals
# .main_pane.objects.interior.cs.body.tree
# run -all
# TEST_NAME=tb_counter_run
# SVSEED=12345
# UVM_INFO @ 120 : reporter [TEST_DONE] TEST PASSED
# ** Note: $finish    : C:/intelFPGA_lite/19.1/db/tb_counter.sv(36)
#    Time: 170 ps  Iteration: 0  Instance: /tb_counter
# 1
# Break in Module tb_counter at C:/intelFPGA_lite/19.1/db/tb_counter.sv line 36
# WARNING: No extended dataflow license exists



